Command line:
   TBFIFO_isim_beh.exe
     -simmode  gui
     -simrunnum  0
     -socket  49701

Mon Nov 21 11:46:06 2016


 Elaboration Time: 0.03125 sec

 Current Memory Usage: 361.812 Meg

 Total Signals          : 23
 Total Nets             : 37
 Total Signal Drivers   : 15
 Total Blocks           : 3
 Total Primitive Blocks : 2
 Total Processes        : 23
 Total Traceable Variables  : 35
 Total Scalar Nets and Variables : 325
Total Line Count : 64

 Total Simulation Time: 0.03125 sec

 Current Memory Usage: 361.812 Meg

Mon Nov 21 11:46:30 2016

